# JRE version: OpenJDK Runtime Environment Temurin-21.0.10+7 (21.0.10+7) (build 21.0.10+7-LTS)
# Java VM: OpenJDK 64-Bit Server VM Temurin-21.0.10+7 (21.0.10+7-LTS, mixed mode, sharing, tiered, compressed oops, compressed class ptrs, parallel gc, windows-amd64)
GC Precious Log:
 CardTable entry size: 512
 CPUs: 4 total, 4 available
 Memory: 8089M
 Large Page Support: Disabled
 NUMA Support: Disabled
 Compressed Oops: Enabled (32-bit)
 Alignments: Space 512K, Generation 512K, Heap 2M
 Heap Min Capacity: 100M
 Heap Initial Capacity: 100M
 Heap Max Capacity: 2G
 Pre-touch: Disabled
 Parallel Workers: 4
Heap:
 PSYoungGen      total 19968K, used 16576K [0x00000000d5580000, 0x00000000d6b80000, 0x0000000100000000)
  eden space 19456K, 83% used [0x00000000d5580000,0x00000000d6570018,0x00000000d6880000)
  from space 512K, 50% used [0x00000000d6b00000,0x00000000d6b40000,0x00000000d6b80000)
  to   space 512K, 0% used [0x00000000d6a80000,0x00000000d6a80000,0x00000000d6b00000)
 ParOldGen       total 158208K, used 158171K [0x0000000080000000, 0x0000000089a80000, 0x00000000d5580000)
  object space 158208K, 99% used [0x0000000080000000,0x0000000089a76f70,0x0000000089a80000)
 Metaspace       used 68712K, committed 70208K, reserved 1114112K
  class space    used 7290K, committed 7936K, reserved 1048576K
GC Heap History (20 events):
Event: 118.645 GC heap before
{Heap before GC invocations=70 (full 3):
 PSYoungGen      total 19968K, used 19943K [0x00000000d5580000, 0x00000000d6e00000, 0x0000000100000000)
  eden space 19456K, 100% used [0x00000000d5580000,0x00000000d6880000,0x00000000d6880000)
  from space 512K, 95% used [0x00000000d6d80000,0x00000000d6df9c68,0x00000000d6e00000)
  to   space 2560K, 0% used [0x00000000d6900000,0x00000000d6900000,0x00000000d6b80000)
 ParOldGen       total 151040K, used 150997K [0x0000000080000000, 0x0000000089380000, 0x00000000d5580000)
  object space 151040K, 99% used [0x0000000080000000,0x00000000893755e0,0x0000000089380000)
 Metaspace       used 62797K, committed 64192K, reserved 1114112K
  class space    used 6780K, committed 7360K, reserved 1048576K
}
Event: 118.647 GC heap after
{Heap after GC invocations=70 (full 3):
 PSYoungGen      total 22016K, used 1152K [0x00000000d5580000, 0x00000000d6e00000, 0x0000000100000000)
  eden space 19456K, 0% used [0x00000000d5580000,0x00000000d5580000,0x00000000d6880000)
  from space 2560K, 45% used [0x00000000d6900000,0x00000000d6a20000,0x00000000d6b80000)
  to   space 1536K, 0% used [0x00000000d6c80000,0x00000000d6c80000,0x00000000d6e00000)
 ParOldGen       total 151552K, used 151496K [0x0000000080000000, 0x0000000089400000, 0x00000000d5580000)
  object space 151552K, 99% used [0x0000000080000000,0x00000000893f21c0,0x0000000089400000)
 Metaspace       used 62797K, committed 64192K, reserved 1114112K
  class space    used 6780K, committed 7360K, reserved 1048576K
}
Event: 118.676 GC heap before
{Heap before GC invocations=71 (full 3):
 PSYoungGen      total 22016K, used 20608K [0x00000000d5580000, 0x00000000d6e00000, 0x0000000100000000)
  eden space 19456K, 100% used [0x00000000d5580000,0x00000000d6880000,0x00000000d6880000)
  from space 2560K, 45% used [0x00000000d6900000,0x00000000d6a20000,0x00000000d6b80000)
  to   space 1536K, 0% used [0x00000000d6c80000,0x00000000d6c80000,0x00000000d6e00000)
 ParOldGen       total 151552K, used 151496K [0x0000000080000000, 0x0000000089400000, 0x00000000d5580000)
  object space 151552K, 99% used [0x0000000080000000,0x00000000893f21c0,0x0000000089400000)
 Metaspace       used 62797K, committed 64192K, reserved 1114112K
  class space    used 6780K, committed 7360K, reserved 1048576K
}
Event: 118.678 GC heap after
{Heap after GC invocations=71 (full 3):
 PSYoungGen      total 20480K, used 544K [0x00000000d5580000, 0x00000000d6d80000, 0x0000000100000000)
  eden space 19456K, 0% used [0x00000000d5580000,0x00000000d5580000,0x00000000d6880000)
  from space 1024K, 53% used [0x00000000d6c80000,0x00000000d6d08000,0x00000000d6d80000)
  to   space 1024K, 0% used [0x00000000d6b80000,0x00000000d6b80000,0x00000000d6c80000)
 ParOldGen       total 153088K, used 152584K [0x0000000080000000, 0x0000000089580000, 0x00000000d5580000)
  object space 153088K, 99% used [0x0000000080000000,0x00000000895021e0,0x0000000089580000)
 Metaspace       used 62797K, committed 64192K, reserved 1114112K
  class space    used 6780K, committed 7360K, reserved 1048576K
}
Event: 119.571 GC heap before
{Heap before GC invocations=72 (full 3):
 PSYoungGen      total 20480K, used 20000K [0x00000000d5580000, 0x00000000d6d80000, 0x0000000100000000)
  eden space 19456K, 100% used [0x00000000d5580000,0x00000000d6880000,0x00000000d6880000)
  from space 1024K, 53% used [0x00000000d6c80000,0x00000000d6d08000,0x00000000d6d80000)
  to   space 1024K, 0% used [0x00000000d6b80000,0x00000000d6b80000,0x00000000d6c80000)
 ParOldGen       total 153088K, used 152584K [0x0000000080000000, 0x0000000089580000, 0x00000000d5580000)
  object space 153088K, 99% used [0x0000000080000000,0x00000000895021e0,0x0000000089580000)
 Metaspace       used 62800K, committed 64192K, reserved 1114112K
  class space    used 6780K, committed 7360K, reserved 1048576K
}
Event: 119.574 GC heap after
{Heap after GC invocations=72 (full 3):
 PSYoungGen      total 20480K, used 640K [0x00000000d5580000, 0x00000000d6d00000, 0x0000000100000000)
  eden space 19456K, 0% used [0x00000000d5580000,0x00000000d5580000,0x00000000d6880000)
  from space 1024K, 62% used [0x00000000d6b80000,0x00000000d6c20000,0x00000000d6c80000)
  to   space 512K, 0% used [0x00000000d6c80000,0x00000000d6c80000,0x00000000d6d00000)
 ParOldGen       total 154112K, used 153888K [0x0000000080000000, 0x0000000089680000, 0x00000000d5580000)
  object space 154112K, 99% used [0x0000000080000000,0x00000000896481e0,0x0000000089680000)
 Metaspace       used 62800K, committed 64192K, reserved 1114112K
  class space    used 6780K, committed 7360K, reserved 1048576K
}
Event: 127.811 GC heap before
{Heap before GC invocations=73 (full 3):
 PSYoungGen      total 20480K, used 20096K [0x00000000d5580000, 0x00000000d6d00000, 0x0000000100000000)
  eden space 19456K, 100% used [0x00000000d5580000,0x00000000d6880000,0x00000000d6880000)
  from space 1024K, 62% used [0x00000000d6b80000,0x00000000d6c20000,0x00000000d6c80000)
  to   space 512K, 0% used [0x00000000d6c80000,0x00000000d6c80000,0x00000000d6d00000)
 ParOldGen       total 154112K, used 153888K [0x0000000080000000, 0x0000000089680000, 0x00000000d5580000)
  object space 154112K, 99% used [0x0000000080000000,0x00000000896481e0,0x0000000089680000)
 Metaspace       used 62807K, committed 64192K, reserved 1114112K
  class space    used 6780K, committed 7360K, reserved 1048576K
}
Event: 127.813 GC heap after
{Heap after GC invocations=73 (full 3):
 PSYoungGen      total 19968K, used 481K [0x00000000d5580000, 0x00000000d6d00000, 0x0000000100000000)
  eden space 19456K, 0% used [0x00000000d5580000,0x00000000d5580000,0x00000000d6880000)
  from space 512K, 94% used [0x00000000d6c80000,0x00000000d6cf85f8,0x00000000d6d00000)
  to   space 1536K, 0% used [0x00000000d6a00000,0x00000000d6a00000,0x00000000d6b80000)
 ParOldGen       total 154624K, used 154434K [0x0000000080000000, 0x0000000089700000, 0x00000000d5580000)
  object space 154624K, 99% used [0x0000000080000000,0x00000000896d0a18,0x0000000089700000)
 Metaspace       used 62807K, committed 64192K, reserved 1114112K
  class space    used 6780K, committed 7360K, reserved 1048576K
}
Event: 128.043 GC heap before
{Heap before GC invocations=74 (full 3):
 PSYoungGen      total 19968K, used 19937K [0x00000000d5580000, 0x00000000d6d00000, 0x0000000100000000)
  eden space 19456K, 100% used [0x00000000d5580000,0x00000000d6880000,0x00000000d6880000)
  from space 512K, 94% used [0x00000000d6c80000,0x00000000d6cf85f8,0x00000000d6d00000)
  to   space 1536K, 0% used [0x00000000d6a00000,0x00000000d6a00000,0x00000000d6b80000)
 ParOldGen       total 154624K, used 154434K [0x0000000080000000, 0x0000000089700000, 0x00000000d5580000)
  object space 154624K, 99% used [0x0000000080000000,0x00000000896d0a18,0x0000000089700000)
 Metaspace       used 62810K, committed 64192K, reserved 1114112K
  class space    used 6780K, committed 7360K, reserved 1048576K
}
Event: 128.045 GC heap after
{Heap after GC invocations=74 (full 3):
 PSYoungGen      total 20992K, used 401K [0x00000000d5580000, 0x00000000d6d00000, 0x0000000100000000)
  eden space 19456K, 0% used [0x00000000d5580000,0x00000000d5580000,0x00000000d6880000)
  from space 1536K, 26% used [0x00000000d6a00000,0x00000000d6a647d0,0x00000000d6b80000)
  to   space 1024K, 0% used [0x00000000d6c00000,0x00000000d6c00000,0x00000000d6d00000)
 ParOldGen       total 155136K, used 154910K [0x0000000080000000, 0x0000000089780000, 0x00000000d5580000)
  object space 155136K, 99% used [0x0000000080000000,0x00000000897479b8,0x0000000089780000)
 Metaspace       used 62810K, committed 64192K, reserved 1114112K
  class space    used 6780K, committed 7360K, reserved 1048576K
}
Event: 128.517 GC heap before
{Heap before GC invocations=75 (full 3):
 PSYoungGen      total 20992K, used 19857K [0x00000000d5580000, 0x00000000d6d00000, 0x0000000100000000)
  eden space 19456K, 100% used [0x00000000d5580000,0x00000000d6880000,0x00000000d6880000)
  from space 1536K, 26% used [0x00000000d6a00000,0x00000000d6a647d0,0x00000000d6b80000)
  to   space 1024K, 0% used [0x00000000d6c00000,0x00000000d6c00000,0x00000000d6d00000)
 ParOldGen       total 155136K, used 154910K [0x0000000080000000, 0x0000000089780000, 0x00000000d5580000)
  object space 155136K, 99% used [0x0000000080000000,0x00000000897479b8,0x0000000089780000)
 Metaspace       used 63274K, committed 64640K, reserved 1114112K
  class space    used 6828K, committed 7424K, reserved 1048576K
}
Event: 128.520 GC heap after
{Heap after GC invocations=75 (full 3):
 PSYoungGen      total 20480K, used 580K [0x00000000d5580000, 0x00000000d6d00000, 0x0000000100000000)
  eden space 19456K, 0% used [0x00000000d5580000,0x00000000d5580000,0x00000000d6880000)
  from space 1024K, 56% used [0x00000000d6c00000,0x00000000d6c91210,0x00000000d6d00000)
  to   space 1024K, 0% used [0x00000000d6b00000,0x00000000d6b00000,0x00000000d6c00000)
 ParOldGen       total 155648K, used 155232K [0x0000000080000000, 0x0000000089800000, 0x00000000d5580000)
  object space 155648K, 99% used [0x0000000080000000,0x00000000897983c8,0x0000000089800000)
 Metaspace       used 63274K, committed 64640K, reserved 1114112K
  class space    used 6828K, committed 7424K, reserved 1048576K
}
Event: 130.160 GC heap before
{Heap before GC invocations=76 (full 3):
 PSYoungGen      total 20480K, used 20036K [0x00000000d5580000, 0x00000000d6d00000, 0x0000000100000000)
  eden space 19456K, 100% used [0x00000000d5580000,0x00000000d6880000,0x00000000d6880000)
  from space 1024K, 56% used [0x00000000d6c00000,0x00000000d6c91210,0x00000000d6d00000)
  to   space 1024K, 0% used [0x00000000d6b00000,0x00000000d6b00000,0x00000000d6c00000)
 ParOldGen       total 155648K, used 155232K [0x0000000080000000, 0x0000000089800000, 0x00000000d5580000)
  object space 155648K, 99% used [0x0000000080000000,0x00000000897983c8,0x0000000089800000)
 Metaspace       used 64918K, committed 66368K, reserved 1114112K
  class space    used 6968K, committed 7552K, reserved 1048576K
}
Event: 130.164 GC heap after
{Heap after GC invocations=76 (full 3):
 PSYoungGen      total 20480K, used 960K [0x00000000d5580000, 0x00000000d6c80000, 0x0000000100000000)
  eden space 19456K, 0% used [0x00000000d5580000,0x00000000d5580000,0x00000000d6880000)
  from space 1024K, 93% used [0x00000000d6b00000,0x00000000d6bf02d8,0x00000000d6c00000)
  to   space 512K, 0% used [0x00000000d6c00000,0x00000000d6c00000,0x00000000d6c80000)
 ParOldGen       total 155648K, used 155645K [0x0000000080000000, 0x0000000089800000, 0x00000000d5580000)
  object space 155648K, 99% used [0x0000000080000000,0x00000000897ff678,0x0000000089800000)
 Metaspace       used 64918K, committed 66368K, reserved 1114112K
  class space    used 6968K, committed 7552K, reserved 1048576K
}
Event: 131.711 GC heap before
{Heap before GC invocations=77 (full 3):
 PSYoungGen      total 20480K, used 20416K [0x00000000d5580000, 0x00000000d6c80000, 0x0000000100000000)
  eden space 19456K, 100% used [0x00000000d5580000,0x00000000d6880000,0x00000000d6880000)
  from space 1024K, 93% used [0x00000000d6b00000,0x00000000d6bf02d8,0x00000000d6c00000)
  to   space 512K, 0% used [0x00000000d6c00000,0x00000000d6c00000,0x00000000d6c80000)
 ParOldGen       total 155648K, used 155645K [0x0000000080000000, 0x0000000089800000, 0x00000000d5580000)
  object space 155648K, 99% used [0x0000000080000000,0x00000000897ff678,0x0000000089800000)
 Metaspace       used 66023K, committed 67456K, reserved 1114112K
  class space    used 7063K, committed 7680K, reserved 1048576K
}
Event: 131.716 GC heap after
{Heap after GC invocations=77 (full 3):
 PSYoungGen      total 19968K, used 503K [0x00000000d5580000, 0x00000000d6e80000, 0x0000000100000000)
  eden space 19456K, 0% used [0x00000000d5580000,0x00000000d5580000,0x00000000d6880000)
  from space 512K, 98% used [0x00000000d6c00000,0x00000000d6c7de40,0x00000000d6c80000)
  to   space 3072K, 0% used [0x00000000d6880000,0x00000000d6880000,0x00000000d6b80000)
 ParOldGen       total 157696K, used 157602K [0x0000000080000000, 0x0000000089a00000, 0x00000000d5580000)
  object space 157696K, 99% used [0x0000000080000000,0x00000000899e88d8,0x0000000089a00000)
 Metaspace       used 66023K, committed 67456K, reserved 1114112K
  class space    used 7063K, committed 7680K, reserved 1048576K
}
Event: 132.024 GC heap before
{Heap before GC invocations=78 (full 3):
 PSYoungGen      total 19968K, used 19959K [0x00000000d5580000, 0x00000000d6e80000, 0x0000000100000000)
  eden space 19456K, 100% used [0x00000000d5580000,0x00000000d6880000,0x00000000d6880000)
  from space 512K, 98% used [0x00000000d6c00000,0x00000000d6c7de40,0x00000000d6c80000)
  to   space 3072K, 0% used [0x00000000d6880000,0x00000000d6880000,0x00000000d6b80000)
 ParOldGen       total 157696K, used 157602K [0x0000000080000000, 0x0000000089a00000, 0x00000000d5580000)
  object space 157696K, 99% used [0x0000000080000000,0x00000000899e88d8,0x0000000089a00000)
 Metaspace       used 66048K, committed 67520K, reserved 1114112K
  class space    used 7063K, committed 7680K, reserved 1048576K
}
Event: 132.025 GC heap after
{Heap after GC invocations=78 (full 3):
 PSYoungGen      total 20480K, used 627K [0x00000000d5580000, 0x00000000d6c80000, 0x0000000100000000)
  eden space 19456K, 0% used [0x00000000d5580000,0x00000000d5580000,0x00000000d6880000)
  from space 1024K, 61% used [0x00000000d6880000,0x00000000d691cd98,0x00000000d6980000)
  to   space 1536K, 0% used [0x00000000d6b00000,0x00000000d6b00000,0x00000000d6c80000)
 ParOldGen       total 158208K, used 157946K [0x0000000080000000, 0x0000000089a80000, 0x00000000d5580000)
  object space 158208K, 99% used [0x0000000080000000,0x0000000089a3e8d8,0x0000000089a80000)
 Metaspace       used 66048K, committed 67520K, reserved 1114112K
  class space    used 7063K, committed 7680K, reserved 1048576K
}
Event: 179.319 GC heap before
{Heap before GC invocations=79 (full 3):
 PSYoungGen      total 20480K, used 20064K [0x00000000d5580000, 0x00000000d6c80000, 0x0000000100000000)
  eden space 19456K, 99% used [0x00000000d5580000,0x00000000d687b3c8,0x00000000d6880000)
  from space 1024K, 61% used [0x00000000d6880000,0x00000000d691cd98,0x00000000d6980000)
  to   space 1536K, 0% used [0x00000000d6b00000,0x00000000d6b00000,0x00000000d6c80000)
 ParOldGen       total 158208K, used 157946K [0x0000000080000000, 0x0000000089a80000, 0x00000000d5580000)
  object space 158208K, 99% used [0x0000000080000000,0x0000000089a3e8d8,0x0000000089a80000)
 Metaspace       used 67263K, committed 68736K, reserved 1114112K
  class space    used 7180K, committed 7808K, reserved 1048576K
}
Event: 179.321 GC heap after
{Heap after GC invocations=79 (full 3):
 PSYoungGen      total 19968K, used 256K [0x00000000d5580000, 0x00000000d6b80000, 0x0000000100000000)
  eden space 19456K, 0% used [0x00000000d5580000,0x00000000d5580000,0x00000000d6880000)
  from space 512K, 50% used [0x00000000d6b00000,0x00000000d6b40000,0x00000000d6b80000)
  to   space 512K, 0% used [0x00000000d6a80000,0x00000000d6a80000,0x00000000d6b00000)
 ParOldGen       total 158208K, used 158171K [0x0000000080000000, 0x0000000089a80000, 0x00000000d5580000)
  object space 158208K, 99% used [0x0000000080000000,0x0000000089a76f70,0x0000000089a80000)
 Metaspace       used 67263K, committed 68736K, reserved 1114112K
  class space    used 7180K, committed 7808K, reserved 1048576K
}

