# JRE version: OpenJDK Runtime Environment Temurin-21.0.10+7 (21.0.10+7) (build 21.0.10+7-LTS)
# Java VM: OpenJDK 64-Bit Server VM Temurin-21.0.10+7 (21.0.10+7-LTS, mixed mode, sharing, tiered, compressed oops, compressed class ptrs, parallel gc, windows-amd64)
GC Precious Log:
 CardTable entry size: 512
 CPUs: 4 total, 4 available
 Memory: 8089M
 Large Page Support: Disabled
 NUMA Support: Disabled
 Compressed Oops: Enabled (32-bit)
 Alignments: Space 512K, Generation 512K, Heap 2M
 Heap Min Capacity: 100M
 Heap Initial Capacity: 100M
 Heap Max Capacity: 2G
 Pre-touch: Disabled
 Parallel Workers: 4
Heap:
 PSYoungGen      total 20480K, used 12566K [0x00000000d5580000, 0x00000000d6a80000, 0x0000000100000000)
  eden space 19456K, 60% used [0x00000000d5580000,0x00000000d6108860,0x00000000d6880000)
  from space 1024K, 73% used [0x00000000d6900000,0x00000000d69bd240,0x00000000d6a00000)
  to   space 512K, 0% used [0x00000000d6a00000,0x00000000d6a00000,0x00000000d6a80000)
 ParOldGen       total 86016K, used 69142K [0x0000000080000000, 0x0000000085400000, 0x00000000d5580000)
  object space 86016K, 80% used [0x0000000080000000,0x0000000084385b70,0x0000000085400000)
 Metaspace       used 62810K, committed 64192K, reserved 1114112K
  class space    used 6584K, committed 7168K, reserved 1048576K
GC Heap History (20 events):
Event: 22.044 GC heap before
{Heap before GC invocations=71 (full 2):
 PSYoungGen      total 20992K, used 20768K [0x00000000d5580000, 0x00000000d6b80000, 0x0000000100000000)
  eden space 19456K, 100% used [0x00000000d5580000,0x00000000d6880000,0x00000000d6880000)
  from space 1536K, 85% used [0x00000000d6a00000,0x00000000d6b48020,0x00000000d6b80000)
  to   space 1536K, 0% used [0x00000000d6880000,0x00000000d6880000,0x00000000d6a00000)
 ParOldGen       total 83456K, used 83356K [0x0000000080000000, 0x0000000085180000, 0x00000000d5580000)
  object space 83456K, 99% used [0x0000000080000000,0x0000000085167168,0x0000000085180000)
 Metaspace       used 57799K, committed 59136K, reserved 1114112K
  class space    used 6156K, committed 6720K, reserved 1048576K
}
Event: 22.048 GC heap after
{Heap after GC invocations=71 (full 2):
 PSYoungGen      total 20480K, used 528K [0x00000000d5580000, 0x00000000d6a80000, 0x0000000100000000)
  eden space 19456K, 0% used [0x00000000d5580000,0x00000000d5580000,0x00000000d6880000)
  from space 1024K, 51% used [0x00000000d6880000,0x00000000d6904010,0x00000000d6980000)
  to   space 1024K, 0% used [0x00000000d6980000,0x00000000d6980000,0x00000000d6a80000)
 ParOldGen       total 84480K, used 84413K [0x0000000080000000, 0x0000000085280000, 0x00000000d5580000)
  object space 84480K, 99% used [0x0000000080000000,0x000000008526f4d0,0x0000000085280000)
 Metaspace       used 57799K, committed 59136K, reserved 1114112K
  class space    used 6156K, committed 6720K, reserved 1048576K
}
Event: 22.275 GC heap before
{Heap before GC invocations=72 (full 2):
 PSYoungGen      total 20480K, used 19984K [0x00000000d5580000, 0x00000000d6a80000, 0x0000000100000000)
  eden space 19456K, 100% used [0x00000000d5580000,0x00000000d6880000,0x00000000d6880000)
  from space 1024K, 51% used [0x00000000d6880000,0x00000000d6904010,0x00000000d6980000)
  to   space 1024K, 0% used [0x00000000d6980000,0x00000000d6980000,0x00000000d6a80000)
 ParOldGen       total 84480K, used 84413K [0x0000000080000000, 0x0000000085280000, 0x00000000d5580000)
  object space 84480K, 99% used [0x0000000080000000,0x000000008526f4d0,0x0000000085280000)
 Metaspace       used 57920K, committed 59264K, reserved 1114112K
  class space    used 6159K, committed 6720K, reserved 1048576K
}
Event: 22.284 GC heap after
{Heap after GC invocations=72 (full 2):
 PSYoungGen      total 20480K, used 576K [0x00000000d5580000, 0x00000000d6a80000, 0x0000000100000000)
  eden space 19456K, 0% used [0x00000000d5580000,0x00000000d5580000,0x00000000d6880000)
  from space 1024K, 56% used [0x00000000d6980000,0x00000000d6a10000,0x00000000d6a80000)
  to   space 1024K, 0% used [0x00000000d6880000,0x00000000d6880000,0x00000000d6980000)
 ParOldGen       total 84992K, used 84885K [0x0000000080000000, 0x0000000085300000, 0x00000000d5580000)
  object space 84992K, 99% used [0x0000000080000000,0x00000000852e54e0,0x0000000085300000)
 Metaspace       used 57920K, committed 59264K, reserved 1114112K
  class space    used 6159K, committed 6720K, reserved 1048576K
}
Event: 22.413 GC heap before
{Heap before GC invocations=73 (full 2):
 PSYoungGen      total 20480K, used 20032K [0x00000000d5580000, 0x00000000d6a80000, 0x0000000100000000)
  eden space 19456K, 100% used [0x00000000d5580000,0x00000000d6880000,0x00000000d6880000)
  from space 1024K, 56% used [0x00000000d6980000,0x00000000d6a10000,0x00000000d6a80000)
  to   space 1024K, 0% used [0x00000000d6880000,0x00000000d6880000,0x00000000d6980000)
 ParOldGen       total 84992K, used 84885K [0x0000000080000000, 0x0000000085300000, 0x00000000d5580000)
  object space 84992K, 99% used [0x0000000080000000,0x00000000852e54e0,0x0000000085300000)
 Metaspace       used 57920K, committed 59264K, reserved 1114112K
  class space    used 6159K, committed 6720K, reserved 1048576K
}
Event: 22.416 GC heap after
{Heap after GC invocations=73 (full 2):
 PSYoungGen      total 20480K, used 320K [0x00000000d5580000, 0x00000000d6a00000, 0x0000000100000000)
  eden space 19456K, 0% used [0x00000000d5580000,0x00000000d5580000,0x00000000d6880000)
  from space 1024K, 31% used [0x00000000d6880000,0x00000000d68d0000,0x00000000d6980000)
  to   space 512K, 0% used [0x00000000d6980000,0x00000000d6980000,0x00000000d6a00000)
 ParOldGen       total 85504K, used 85381K [0x0000000080000000, 0x0000000085380000, 0x00000000d5580000)
  object space 85504K, 99% used [0x0000000080000000,0x00000000853614f0,0x0000000085380000)
 Metaspace       used 57920K, committed 59264K, reserved 1114112K
  class space    used 6159K, committed 6720K, reserved 1048576K
}
Event: 22.516 GC heap before
{Heap before GC invocations=74 (full 2):
 PSYoungGen      total 20480K, used 4914K [0x00000000d5580000, 0x00000000d6a00000, 0x0000000100000000)
  eden space 19456K, 23% used [0x00000000d5580000,0x00000000d59fc9b0,0x00000000d6880000)
  from space 1024K, 31% used [0x00000000d6880000,0x00000000d68d0000,0x00000000d6980000)
  to   space 512K, 0% used [0x00000000d6980000,0x00000000d6980000,0x00000000d6a00000)
 ParOldGen       total 85504K, used 85381K [0x0000000080000000, 0x0000000085380000, 0x00000000d5580000)
  object space 85504K, 99% used [0x0000000080000000,0x00000000853614f0,0x0000000085380000)
 Metaspace       used 58435K, committed 59776K, reserved 1114112K
  class space    used 6184K, committed 6784K, reserved 1048576K
}
Event: 22.518 GC heap after
{Heap after GC invocations=74 (full 2):
 PSYoungGen      total 19968K, used 272K [0x00000000d5580000, 0x00000000d6a00000, 0x0000000100000000)
  eden space 19456K, 0% used [0x00000000d5580000,0x00000000d5580000,0x00000000d6880000)
  from space 512K, 53% used [0x00000000d6980000,0x00000000d69c4010,0x00000000d6a00000)
  to   space 512K, 0% used [0x00000000d6900000,0x00000000d6900000,0x00000000d6980000)
 ParOldGen       total 86016K, used 85565K [0x0000000080000000, 0x0000000085400000, 0x00000000d5580000)
  object space 86016K, 99% used [0x0000000080000000,0x000000008538f4f0,0x0000000085400000)
 Metaspace       used 58435K, committed 59776K, reserved 1114112K
  class space    used 6184K, committed 6784K, reserved 1048576K
}
Event: 22.518 GC heap before
{Heap before GC invocations=75 (full 3):
 PSYoungGen      total 19968K, used 272K [0x00000000d5580000, 0x00000000d6a00000, 0x0000000100000000)
  eden space 19456K, 0% used [0x00000000d5580000,0x00000000d5580000,0x00000000d6880000)
  from space 512K, 53% used [0x00000000d6980000,0x00000000d69c4010,0x00000000d6a00000)
  to   space 512K, 0% used [0x00000000d6900000,0x00000000d6900000,0x00000000d6980000)
 ParOldGen       total 86016K, used 85565K [0x0000000080000000, 0x0000000085400000, 0x00000000d5580000)
  object space 86016K, 99% used [0x0000000080000000,0x000000008538f4f0,0x0000000085400000)
 Metaspace       used 58435K, committed 59776K, reserved 1114112K
  class space    used 6184K, committed 6784K, reserved 1048576K
}
Event: 22.774 GC heap after
{Heap after GC invocations=75 (full 3):
 PSYoungGen      total 19968K, used 0K [0x00000000d5580000, 0x00000000d6a00000, 0x0000000100000000)
  eden space 19456K, 0% used [0x00000000d5580000,0x00000000d5580000,0x00000000d6880000)
  from space 512K, 0% used [0x00000000d6980000,0x00000000d6980000,0x00000000d6a00000)
  to   space 512K, 0% used [0x00000000d6900000,0x00000000d6900000,0x00000000d6980000)
 ParOldGen       total 86016K, used 65691K [0x0000000080000000, 0x0000000085400000, 0x00000000d5580000)
  object space 86016K, 76% used [0x0000000080000000,0x0000000084026c40,0x0000000085400000)
 Metaspace       used 58435K, committed 59776K, reserved 1114112K
  class space    used 6184K, committed 6784K, reserved 1048576K
}
Event: 23.482 GC heap before
{Heap before GC invocations=76 (full 3):
 PSYoungGen      total 19968K, used 19375K [0x00000000d5580000, 0x00000000d6a00000, 0x0000000100000000)
  eden space 19456K, 99% used [0x00000000d5580000,0x00000000d686bf58,0x00000000d6880000)
  from space 512K, 0% used [0x00000000d6980000,0x00000000d6980000,0x00000000d6a00000)
  to   space 512K, 0% used [0x00000000d6900000,0x00000000d6900000,0x00000000d6980000)
 ParOldGen       total 86016K, used 65691K [0x0000000080000000, 0x0000000085400000, 0x00000000d5580000)
  object space 86016K, 76% used [0x0000000080000000,0x0000000084026c40,0x0000000085400000)
 Metaspace       used 59555K, committed 60928K, reserved 1114112K
  class space    used 6298K, committed 6912K, reserved 1048576K
}
Event: 23.488 GC heap after
{Heap after GC invocations=76 (full 3):
 PSYoungGen      total 19968K, used 487K [0x00000000d5580000, 0x00000000d6d80000, 0x0000000100000000)
  eden space 19456K, 0% used [0x00000000d5580000,0x00000000d5580000,0x00000000d6880000)
  from space 512K, 95% used [0x00000000d6900000,0x00000000d6979e68,0x00000000d6980000)
  to   space 2560K, 0% used [0x00000000d6b00000,0x00000000d6b00000,0x00000000d6d80000)
 ParOldGen       total 86016K, used 67214K [0x0000000080000000, 0x0000000085400000, 0x00000000d5580000)
  object space 86016K, 78% used [0x0000000080000000,0x00000000841a3800,0x0000000085400000)
 Metaspace       used 59555K, committed 60928K, reserved 1114112K
  class space    used 6298K, committed 6912K, reserved 1048576K
}
Event: 23.694 GC heap before
{Heap before GC invocations=77 (full 3):
 PSYoungGen      total 19968K, used 19943K [0x00000000d5580000, 0x00000000d6d80000, 0x0000000100000000)
  eden space 19456K, 100% used [0x00000000d5580000,0x00000000d6880000,0x00000000d6880000)
  from space 512K, 95% used [0x00000000d6900000,0x00000000d6979e68,0x00000000d6980000)
  to   space 2560K, 0% used [0x00000000d6b00000,0x00000000d6b00000,0x00000000d6d80000)
 ParOldGen       total 86016K, used 67214K [0x0000000080000000, 0x0000000085400000, 0x00000000d5580000)
  object space 86016K, 78% used [0x0000000080000000,0x00000000841a3800,0x0000000085400000)
 Metaspace       used 60151K, committed 61504K, reserved 1114112K
  class space    used 6373K, committed 6976K, reserved 1048576K
}
Event: 23.696 GC heap after
{Heap after GC invocations=77 (full 3):
 PSYoungGen      total 21504K, used 1598K [0x00000000d5580000, 0x00000000d6d00000, 0x0000000100000000)
  eden space 19456K, 0% used [0x00000000d5580000,0x00000000d5580000,0x00000000d6880000)
  from space 2048K, 78% used [0x00000000d6b00000,0x00000000d6c8f858,0x00000000d6d00000)
  to   space 2048K, 0% used [0x00000000d6900000,0x00000000d6900000,0x00000000d6b00000)
 ParOldGen       total 86016K, used 67701K [0x0000000080000000, 0x0000000085400000, 0x00000000d5580000)
  object space 86016K, 78% used [0x0000000080000000,0x000000008421d688,0x0000000085400000)
 Metaspace       used 60151K, committed 61504K, reserved 1114112K
  class space    used 6373K, committed 6976K, reserved 1048576K
}
Event: 23.948 GC heap before
{Heap before GC invocations=78 (full 3):
 PSYoungGen      total 21504K, used 21054K [0x00000000d5580000, 0x00000000d6d00000, 0x0000000100000000)
  eden space 19456K, 100% used [0x00000000d5580000,0x00000000d6880000,0x00000000d6880000)
  from space 2048K, 78% used [0x00000000d6b00000,0x00000000d6c8f858,0x00000000d6d00000)
  to   space 2048K, 0% used [0x00000000d6900000,0x00000000d6900000,0x00000000d6b00000)
 ParOldGen       total 86016K, used 67701K [0x0000000080000000, 0x0000000085400000, 0x00000000d5580000)
  object space 86016K, 78% used [0x0000000080000000,0x000000008421d688,0x0000000085400000)
 Metaspace       used 60508K, committed 61824K, reserved 1114112K
  class space    used 6397K, committed 6976K, reserved 1048576K
}
Event: 23.949 GC heap after
{Heap after GC invocations=78 (full 3):
 PSYoungGen      total 20480K, used 797K [0x00000000d5580000, 0x00000000d6b80000, 0x0000000100000000)
  eden space 19456K, 0% used [0x00000000d5580000,0x00000000d5580000,0x00000000d6880000)
  from space 1024K, 77% used [0x00000000d6900000,0x00000000d69c7418,0x00000000d6a00000)
  to   space 1536K, 0% used [0x00000000d6a00000,0x00000000d6a00000,0x00000000d6b80000)
 ParOldGen       total 86016K, used 68933K [0x0000000080000000, 0x0000000085400000, 0x00000000d5580000)
  object space 86016K, 80% used [0x0000000080000000,0x00000000843516f0,0x0000000085400000)
 Metaspace       used 60508K, committed 61824K, reserved 1114112K
  class space    used 6397K, committed 6976K, reserved 1048576K
}
Event: 24.192 GC heap before
{Heap before GC invocations=79 (full 3):
 PSYoungGen      total 20480K, used 20253K [0x00000000d5580000, 0x00000000d6b80000, 0x0000000100000000)
  eden space 19456K, 100% used [0x00000000d5580000,0x00000000d6880000,0x00000000d6880000)
  from space 1024K, 77% used [0x00000000d6900000,0x00000000d69c7418,0x00000000d6a00000)
  to   space 1536K, 0% used [0x00000000d6a00000,0x00000000d6a00000,0x00000000d6b80000)
 ParOldGen       total 86016K, used 68933K [0x0000000080000000, 0x0000000085400000, 0x00000000d5580000)
  object space 86016K, 80% used [0x0000000080000000,0x00000000843516f0,0x0000000085400000)
 Metaspace       used 61606K, committed 62976K, reserved 1114112K
  class space    used 6489K, committed 7104K, reserved 1048576K
}
Event: 24.195 GC heap after
{Heap after GC invocations=79 (full 3):
 PSYoungGen      total 20480K, used 564K [0x00000000d5580000, 0x00000000d6b00000, 0x0000000100000000)
  eden space 19456K, 0% used [0x00000000d5580000,0x00000000d5580000,0x00000000d6880000)
  from space 1024K, 55% used [0x00000000d6a00000,0x00000000d6a8d200,0x00000000d6b00000)
  to   space 1024K, 0% used [0x00000000d6900000,0x00000000d6900000,0x00000000d6a00000)
 ParOldGen       total 86016K, used 69054K [0x0000000080000000, 0x0000000085400000, 0x00000000d5580000)
  object space 86016K, 80% used [0x0000000080000000,0x000000008436fb70,0x0000000085400000)
 Metaspace       used 61606K, committed 62976K, reserved 1114112K
  class space    used 6489K, committed 7104K, reserved 1048576K
}
Event: 24.577 GC heap before
{Heap before GC invocations=80 (full 3):
 PSYoungGen      total 20480K, used 20011K [0x00000000d5580000, 0x00000000d6b00000, 0x0000000100000000)
  eden space 19456K, 99% used [0x00000000d5580000,0x00000000d687dc30,0x00000000d6880000)
  from space 1024K, 55% used [0x00000000d6a00000,0x00000000d6a8d200,0x00000000d6b00000)
  to   space 1024K, 0% used [0x00000000d6900000,0x00000000d6900000,0x00000000d6a00000)
 ParOldGen       total 86016K, used 69054K [0x0000000080000000, 0x0000000085400000, 0x00000000d5580000)
  object space 86016K, 80% used [0x0000000080000000,0x000000008436fb70,0x0000000085400000)
 Metaspace       used 62748K, committed 64064K, reserved 1114112K
  class space    used 6582K, committed 7168K, reserved 1048576K
}
Event: 24.578 GC heap after
{Heap after GC invocations=80 (full 3):
 PSYoungGen      total 20480K, used 756K [0x00000000d5580000, 0x00000000d6a80000, 0x0000000100000000)
  eden space 19456K, 0% used [0x00000000d5580000,0x00000000d5580000,0x00000000d6880000)
  from space 1024K, 73% used [0x00000000d6900000,0x00000000d69bd240,0x00000000d6a00000)
  to   space 512K, 0% used [0x00000000d6a00000,0x00000000d6a00000,0x00000000d6a80000)
 ParOldGen       total 86016K, used 69142K [0x0000000080000000, 0x0000000085400000, 0x00000000d5580000)
  object space 86016K, 80% used [0x0000000080000000,0x0000000084385b70,0x0000000085400000)
 Metaspace       used 62748K, committed 64064K, reserved 1114112K
  class space    used 6582K, committed 7168K, reserved 1048576K
}

